# JRE version: OpenJDK Runtime Environment Temurin-11.0.17+8 (11.0.17+8) (build 11.0.17+8)
# Java VM: OpenJDK 64-Bit Server VM Temurin-11.0.17+8 (11.0.17+8, mixed mode, tiered, compressed oops, g1 gc, windows-amd64)
Heap:
 garbage-first heap   total 155648K, used 88767K [0x0000000082000000, 0x0000000100000000)
  region size 1024K, 6 young (6144K), 3 survivors (3072K)
 Metaspace       used 70648K, capacity 71519K, committed 71756K, reserved 1114112K
  class space    used 7666K, capacity 8026K, committed 8064K, reserved 1048576K
GC Heap History (20 events):
Event: 58.028 GC heap before
{Heap before GC invocations=11 (full 0):
 garbage-first heap   total 129024K, used 96726K [0x0000000082000000, 0x0000000100000000)
  region size 1024K, 52 young (53248K), 7 survivors (7168K)
 Metaspace       used 61529K, capacity 62310K, committed 62668K, reserved 1103872K
  class space    used 6983K, capacity 7304K, committed 7424K, reserved 1048576K
}
Event: 58.069 GC heap after
{Heap after GC invocations=12 (full 0):
 garbage-first heap   total 129024K, used 58368K [0x0000000082000000, 0x0000000100000000)
  region size 1024K, 7 young (7168K), 7 survivors (7168K)
 Metaspace       used 61529K, capacity 62310K, committed 62668K, reserved 1103872K
  class space    used 6983K, capacity 7304K, committed 7424K, reserved 1048576K
}
Event: 59.404 GC heap before
{Heap before GC invocations=12 (full 0):
 garbage-first heap   total 129024K, used 99328K [0x0000000082000000, 0x0000000100000000)
  region size 1024K, 47 young (48128K), 7 survivors (7168K)
 Metaspace       used 62125K, capacity 62970K, committed 63180K, reserved 1105920K
  class space    used 7026K, capacity 7374K, committed 7424K, reserved 1048576K
}
Event: 59.432 GC heap after
{Heap after GC invocations=13 (full 0):
 garbage-first heap   total 129024K, used 62383K [0x0000000082000000, 0x0000000100000000)
  region size 1024K, 4 young (4096K), 4 survivors (4096K)
 Metaspace       used 62125K, capacity 62970K, committed 63180K, reserved 1105920K
  class space    used 7026K, capacity 7374K, committed 7424K, reserved 1048576K
}
Event: 60.627 GC heap before
{Heap before GC invocations=13 (full 0):
 garbage-first heap   total 129024K, used 101295K [0x0000000082000000, 0x0000000100000000)
  region size 1024K, 42 young (43008K), 4 survivors (4096K)
 Metaspace       used 63003K, capacity 63835K, committed 64076K, reserved 1105920K
  class space    used 7114K, capacity 7449K, committed 7552K, reserved 1048576K
}
Event: 60.641 GC heap after
{Heap after GC invocations=14 (full 0):
 garbage-first heap   total 129024K, used 63480K [0x0000000082000000, 0x0000000100000000)
  region size 1024K, 5 young (5120K), 5 survivors (5120K)
 Metaspace       used 63003K, capacity 63835K, committed 64076K, reserved 1105920K
  class space    used 7114K, capacity 7449K, committed 7552K, reserved 1048576K
}
Event: 63.688 GC heap before
{Heap before GC invocations=15 (full 0):
 garbage-first heap   total 129024K, used 93176K [0x0000000082000000, 0x0000000100000000)
  region size 1024K, 35 young (35840K), 5 survivors (5120K)
 Metaspace       used 66136K, capacity 66964K, committed 67148K, reserved 1107968K
  class space    used 7358K, capacity 7702K, committed 7808K, reserved 1048576K
}
Event: 63.707 GC heap after
{Heap after GC invocations=16 (full 0):
 garbage-first heap   total 129024K, used 67425K [0x0000000082000000, 0x0000000100000000)
  region size 1024K, 6 young (6144K), 6 survivors (6144K)
 Metaspace       used 66136K, capacity 66964K, committed 67148K, reserved 1107968K
  class space    used 7358K, capacity 7702K, committed 7808K, reserved 1048576K
}
Event: 66.888 GC heap before
{Heap before GC invocations=17 (full 0):
 garbage-first heap   total 129024K, used 104289K [0x0000000082000000, 0x0000000100000000)
  region size 1024K, 41 young (41984K), 6 survivors (6144K)
 Metaspace       used 68581K, capacity 69511K, committed 69708K, reserved 1112064K
  class space    used 7590K, capacity 7945K, committed 8064K, reserved 1048576K
}
Event: 66.918 GC heap after
{Heap after GC invocations=18 (full 0):
 garbage-first heap   total 129024K, used 72216K [0x0000000082000000, 0x0000000100000000)
  region size 1024K, 5 young (5120K), 5 survivors (5120K)
 Metaspace       used 68581K, capacity 69511K, committed 69708K, reserved 1112064K
  class space    used 7590K, capacity 7945K, committed 8064K, reserved 1048576K
}
Event: 69.095 GC heap before
{Heap before GC invocations=18 (full 0):
 garbage-first heap   total 129024K, used 95768K [0x0000000082000000, 0x0000000100000000)
  region size 1024K, 29 young (29696K), 5 survivors (5120K)
 Metaspace       used 69364K, capacity 70280K, committed 70476K, reserved 1112064K
  class space    used 7630K, capacity 7984K, committed 8064K, reserved 1048576K
}
Event: 69.110 GC heap after
{Heap after GC invocations=19 (full 0):
 garbage-first heap   total 129024K, used 74930K [0x0000000082000000, 0x0000000100000000)
  region size 1024K, 3 young (3072K), 3 survivors (3072K)
 Metaspace       used 69364K, capacity 70280K, committed 70476K, reserved 1112064K
  class space    used 7630K, capacity 7984K, committed 8064K, reserved 1048576K
}
Event: 71.019 GC heap before
{Heap before GC invocations=20 (full 0):
 garbage-first heap   total 129024K, used 105650K [0x0000000082000000, 0x0000000100000000)
  region size 1024K, 31 young (31744K), 3 survivors (3072K)
 Metaspace       used 69690K, capacity 70600K, committed 70732K, reserved 1112064K
  class space    used 7643K, capacity 8021K, committed 8064K, reserved 1048576K
}
Event: 71.032 GC heap after
{Heap after GC invocations=21 (full 0):
 garbage-first heap   total 129024K, used 78848K [0x0000000082000000, 0x0000000100000000)
  region size 1024K, 4 young (4096K), 4 survivors (4096K)
 Metaspace       used 69690K, capacity 70600K, committed 70732K, reserved 1112064K
  class space    used 7643K, capacity 8021K, committed 8064K, reserved 1048576K
}
Event: 73.665 GC heap before
{Heap before GC invocations=21 (full 0):
 garbage-first heap   total 129024K, used 106496K [0x0000000082000000, 0x0000000100000000)
  region size 1024K, 31 young (31744K), 4 survivors (4096K)
 Metaspace       used 69962K, capacity 70857K, committed 70988K, reserved 1112064K
  class space    used 7646K, capacity 8021K, committed 8064K, reserved 1048576K
}
Event: 73.682 GC heap after
{Heap after GC invocations=22 (full 0):
 garbage-first heap   total 129024K, used 81779K [0x0000000082000000, 0x0000000100000000)
  region size 1024K, 3 young (3072K), 3 survivors (3072K)
 Metaspace       used 69962K, capacity 70857K, committed 70988K, reserved 1112064K
  class space    used 7646K, capacity 8021K, committed 8064K, reserved 1048576K
}
Event: 76.975 GC heap before
{Heap before GC invocations=23 (full 0):
 garbage-first heap   total 129024K, used 107379K [0x0000000082000000, 0x0000000100000000)
  region size 1024K, 28 young (28672K), 3 survivors (3072K)
 Metaspace       used 70269K, capacity 71178K, committed 71244K, reserved 1112064K
  class space    used 7649K, capacity 8021K, committed 8064K, reserved 1048576K
}
Event: 76.991 GC heap after
{Heap after GC invocations=24 (full 0):
 garbage-first heap   total 129024K, used 84206K [0x0000000082000000, 0x0000000100000000)
  region size 1024K, 3 young (3072K), 3 survivors (3072K)
 Metaspace       used 70269K, capacity 71178K, committed 71244K, reserved 1112064K
  class space    used 7649K, capacity 8021K, committed 8064K, reserved 1048576K
}
Event: 78.849 GC heap before
{Heap before GC invocations=24 (full 0):
 garbage-first heap   total 129024K, used 107758K [0x0000000082000000, 0x0000000100000000)
  region size 1024K, 26 young (26624K), 3 survivors (3072K)
 Metaspace       used 70554K, capacity 71450K, committed 71500K, reserved 1112064K
  class space    used 7656K, capacity 8024K, committed 8064K, reserved 1048576K
}
Event: 78.873 GC heap after
{Heap after GC invocations=25 (full 0):
 garbage-first heap   total 155648K, used 86719K [0x0000000082000000, 0x0000000100000000)
  region size 1024K, 3 young (3072K), 3 survivors (3072K)
 Metaspace       used 70554K, capacity 71450K, committed 71500K, reserved 1112064K
  class space    used 7656K, capacity 8024K, committed 8064K, reserved 1048576K
}

